  main.cpp
c:\users\carey mcmanus\documents\university\roboticsystemdesign\compvision\handeyecoordination\compvision\compvision\main.cpp(96): warning C4244: 'argument': conversion from 'double' to 'int', possible loss of data
c:\users\carey mcmanus\documents\university\roboticsystemdesign\compvision\handeyecoordination\compvision\compvision\main.cpp(101): warning C4244: 'argument': conversion from 'double' to 'int', possible loss of data
c:\users\carey mcmanus\documents\university\roboticsystemdesign\compvision\handeyecoordination\compvision\compvision\main.cpp(103): warning C4244: 'argument': conversion from 'double' to 'int', possible loss of data
c:\users\carey mcmanus\documents\university\roboticsystemdesign\compvision\handeyecoordination\compvision\compvision\main.cpp(105): warning C4244: 'argument': conversion from 'double' to 'int', possible loss of data
c:\users\carey mcmanus\documents\university\roboticsystemdesign\compvision\handeyecoordination\compvision\compvision\main.cpp(165): warning C4244: 'argument': conversion from 'int' to '_Tp', possible loss of data
          with
          [
              _Tp=float
          ]
c:\users\carey mcmanus\documents\university\roboticsystemdesign\compvision\handeyecoordination\compvision\compvision\main.cpp(169): warning C4244: 'argument': conversion from 'int' to '_Tp', possible loss of data
          with
          [
              _Tp=float
          ]
c:\users\carey mcmanus\documents\university\roboticsystemdesign\compvision\handeyecoordination\compvision\compvision\main.cpp(173): warning C4244: 'argument': conversion from 'int' to '_Tp', possible loss of data
          with
          [
              _Tp=float
          ]
c:\users\carey mcmanus\documents\university\roboticsystemdesign\compvision\handeyecoordination\compvision\compvision\main.cpp(192): warning C4715: '`anonymous namespace'::process': not all control paths return a value
  CompVision.vcxproj -> C:\Users\Carey McManus\Documents\University\RoboticSystemDesign\compvision\HandEyeCoordination\CompVision\x64\Debug\CompVision.exe
